<?xml version="1.0" encoding="UTF-8"?>
<testng-results ignored="0" total="2" passed="2" failed="0" skipped="0">
  <reporter-output>
  </reporter-output>
  <suite started-at="2025-01-07T16:18:30 IST" name="Default suite" finished-at="2025-01-07T16:21:14 IST" duration-ms="164594">
    <groups>
    </groups>
    <test started-at="2025-01-07T16:18:30 IST" name="Default test" finished-at="2025-01-07T16:21:14 IST" duration-ms="164594">
      <class name="testRunner.RunnerClass">
        <test-method is-config="true" signature="setup()[pri:0, instance:testRunner.RunnerClass@485966cc]" started-at="2025-01-07T16:18:30 IST" name="setup" finished-at="2025-01-07T16:18:34 IST" duration-ms="4466" status="PASS">
          <reporter-output>
          </reporter-output>
        </test-method> <!-- setup -->
        <test-method is-config="true" signature="createExtentReport()[pri:0, instance:testRunner.RunnerClass@485966cc]" started-at="2025-01-07T16:18:34 IST" name="createExtentReport" finished-at="2025-01-07T16:18:34 IST" duration-ms="144" status="PASS">
          <reporter-output>
          </reporter-output>
        </test-method> <!-- createExtentReport -->
        <test-method is-config="true" signature="setReport(org.testng.ITestResult)[pri:0, instance:testRunner.RunnerClass@485966cc]" started-at="2025-01-07T16:18:35 IST" name="setReport" finished-at="2025-01-07T16:18:49 IST" duration-ms="14070" status="PASS">
          <params>
            <param index="0">
              <value>
                <![CDATA[[TestResult name={null} status=CREATED method=RunnerClass.singleUser(java.lang.String,java.lang.String,java.lang.String,java.lang.String)[pri:0, instance:testRunner.RunnerClass@485966cc] output={null}]]]>
              </value>
            </param>
          </params>
          <reporter-output>
          </reporter-output>
        </test-method> <!-- setReport -->
        <test-method signature="singleUser(java.lang.String,java.lang.String,java.lang.String,java.lang.String)[pri:0, instance:testRunner.RunnerClass@485966cc]" started-at="2025-01-07T16:18:49 IST" name="singleUser" data-provider="singleUserData" finished-at="2025-01-07T16:19:49 IST" duration-ms="60238" status="PASS">
          <params>
            <param index="0">
              <value>
                <![CDATA[bctestcontact033@mailinator.com]]>
              </value>
            </param>
            <param index="1">
              <value>
                <![CDATA[test@123]]>
              </value>
            </param>
            <param index="2">
              <value>
                <![CDATA[033d]]>
              </value>
            </param>
            <param index="3">
              <value>
                <![CDATA[bctestcontact033d@mailinator.com]]>
              </value>
            </param>
          </params>
          <reporter-output>
          </reporter-output>
        </test-method> <!-- singleUser -->
        <test-method is-config="true" signature="addResult(org.testng.ITestResult)[pri:0, instance:testRunner.RunnerClass@485966cc]" started-at="2025-01-07T16:19:49 IST" name="addResult" finished-at="2025-01-07T16:19:49 IST" duration-ms="26" status="PASS">
          <params>
            <param index="0">
              <value>
                <![CDATA[[TestResult name=singleUser status=SUCCESS method=RunnerClass.singleUser(java.lang.String,java.lang.String,java.lang.String,java.lang.String)[pri:0, instance:testRunner.RunnerClass@485966cc] output={null}]]]>
              </value>
            </param>
          </params>
          <reporter-output>
          </reporter-output>
        </test-method> <!-- addResult -->
        <test-method is-config="true" signature="setReport(org.testng.ITestResult)[pri:0, instance:testRunner.RunnerClass@485966cc]" started-at="2025-01-07T16:19:49 IST" name="setReport" finished-at="2025-01-07T16:20:05 IST" duration-ms="16104" status="PASS">
          <params>
            <param index="0">
              <value>
                <![CDATA[[TestResult name={null} status=CREATED method=RunnerClass.groupUser(java.lang.String,java.lang.String,java.lang.String,java.lang.String)[pri:1, instance:testRunner.RunnerClass@485966cc] output={null}]]]>
              </value>
            </param>
          </params>
          <reporter-output>
          </reporter-output>
        </test-method> <!-- setReport -->
        <test-method signature="groupUser(java.lang.String,java.lang.String,java.lang.String,java.lang.String)[pri:1, instance:testRunner.RunnerClass@485966cc]" started-at="2025-01-07T16:20:05 IST" name="groupUser" data-provider="groupUserData" finished-at="2025-01-07T16:21:13 IST" duration-ms="68200" status="PASS">
          <params>
            <param index="0">
              <value>
                <![CDATA[regtestcon275@mailinator.com]]>
              </value>
            </param>
            <param index="1">
              <value>
                <![CDATA[test@123]]>
              </value>
            </param>
            <param index="2">
              <value>
                <![CDATA[a58]]>
              </value>
            </param>
            <param index="3">
              <value>
                <![CDATA[regtestcona58@mailinator.com]]>
              </value>
            </param>
          </params>
          <reporter-output>
          </reporter-output>
        </test-method> <!-- groupUser -->
        <test-method is-config="true" signature="addResult(org.testng.ITestResult)[pri:0, instance:testRunner.RunnerClass@485966cc]" started-at="2025-01-07T16:21:13 IST" name="addResult" finished-at="2025-01-07T16:21:13 IST" duration-ms="23" status="PASS">
          <params>
            <param index="0">
              <value>
                <![CDATA[[TestResult name=groupUser status=SUCCESS method=RunnerClass.groupUser(java.lang.String,java.lang.String,java.lang.String,java.lang.String)[pri:1, instance:testRunner.RunnerClass@485966cc] output={null}]]]>
              </value>
            </param>
          </params>
          <reporter-output>
          </reporter-output>
        </test-method> <!-- addResult -->
        <test-method is-config="true" signature="tearDown()[pri:0, instance:testRunner.RunnerClass@485966cc]" started-at="2025-01-07T16:21:13 IST" name="tearDown" finished-at="2025-01-07T16:21:14 IST" duration-ms="1223" status="PASS">
          <reporter-output>
          </reporter-output>
        </test-method> <!-- tearDown -->
      </class> <!-- testRunner.RunnerClass -->
    </test> <!-- Default test -->
  </suite> <!-- Default suite -->
</testng-results>
